<?xml version="1.0" encoding="UTF-8"?>
<!-- Generated by org.testng.reporters.JUnitReportReporter -->
<testsuite hostname="DESKTOP-MLCRADN" name="test.com.GoogleSearch" tests="1" failures="0" timestamp="24 Nov 2019 22:43:57 GMT" time="6.443" errors="0">
  <testcase name="testSearch" time="6.443" classname="test.com.GoogleSearch"/>
</testsuite> <!-- test.com.GoogleSearch -->
